{
    "prompt": "Convert into The Simpsons animated style, featuring bold outlines, exaggerated facial features, and yellow-toned skin. Maintain unique hairstyles, accessories, clothing while simplifying details to match the classic Simpsons aesthetic. Background elements should use the same flat, cartoonish color palette and perspective. ((Consistent with The Simpsons universe)), ((2D animation style)), ((bold black outlines)), ((flat vibrant colors)).",
    "save_images": true,
    "send_images": true,
    "steps": 20,
    "cfg_scale": 1.0,
    "distilled_cfg_scale": 3.5,
    "tiling": false,
    "sampler_name": "Euler",
    "scheduler": "simple",
    "denoising_strength": 0.6,
    "override_settings": {
        "forge_preset": "flux",
        "forge_additional_modules": [],
        "forge_canvas_plain": false,
        "forge_canvas_toolbar_always": false,
        "enable_prompt_comments": true,
        "sd_t2i_width": 512.0,
        "sd_t2i_height": 640.0,
        "sd_t2i_cfg": 7.0,
        "sd_t2i_hr_cfg": 7.0,
        "sd_i2i_width": 512.0,
        "sd_i2i_height": 512.0,
        "sd_i2i_cfg": 7.0,
        "xl_t2i_width": 896.0,
        "xl_t2i_height": 1152.0,
        "xl_t2i_cfg": 5.0,
        "xl_t2i_hr_cfg": 5.0,
        "xl_i2i_width": 1024.0,
        "xl_i2i_height": 1024.0,
        "xl_i2i_cfg": 5.0,
        "xl_GPU_MB": 2774.0,
        "flux_t2i_width": 512.0,
        "flux_t2i_height": 512.0,
        "flux_t2i_cfg": 1.0,
        "flux_t2i_hr_cfg": 1.0,
        "flux_t2i_d_cfg": 3.5,
        "flux_t2i_hr_d_cfg": 3.5,
        "flux_i2i_width": 1024.0,
        "flux_i2i_height": 1024.0,
        "flux_i2i_cfg": 1.0,
        "flux_i2i_d_cfg": 3.5,
        "flux_GPU_MB": 2774.0,
        "sd_model_checkpoint": "flux1-dev-bnb-nf4-v2.safetensors",
        "tiling": false
    },
    "init_image_path": "inputs/image_20250305222704.png"
}