{
    "prompt_used": "Simpsons",
    "payload": {
        "init_images": "inputs/image_20250305222704.png",
        "prompt": "Convert into The Simpsons animated style, featuring bold outlines, exaggerated facial features, and yellow-toned skin. Maintain unique hairstyles, accessories, clothing while simplifying details to match the classic Simpsons aesthetic. Background elements should use the same flat, cartoonish color palette and perspective. ((Consistent with The Simpsons universe)), ((2D animation style)), ((bold black outlines)), ((flat vibrant colors)).",
        "save_images": true,
        "send_images": true,
        "steps": 20,
        "cfg_scale": 1.0,
        "distilled_cfg_scale": 3.5,
        "tiling": false,
        "sampler_name": "Euler",
        "scheduler": "simple",
        "denoising_strength": 0.6,
        "override_settings": {
            "forge_preset": "flux",
            "forge_additional_modules": [],
            "forge_canvas_plain": false,
            "forge_canvas_toolbar_always": false,
            "enable_prompt_comments": true,
            "sd_t2i_width": 512.0,
            "sd_t2i_height": 640.0,
            "sd_t2i_cfg": 7.0,
            "sd_t2i_hr_cfg": 7.0,
            "sd_i2i_width": 512.0,
            "sd_i2i_height": 512.0,
            "sd_i2i_cfg": 7.0,
            "xl_t2i_width": 896.0,
            "xl_t2i_height": 1152.0,
            "xl_t2i_cfg": 5.0,
            "xl_t2i_hr_cfg": 5.0,
            "xl_i2i_width": 1024.0,
            "xl_i2i_height": 1024.0,
            "xl_i2i_cfg": 5.0,
            "xl_GPU_MB": 2774.0,
            "flux_t2i_width": 512.0,
            "flux_t2i_height": 512.0,
            "flux_t2i_cfg": 1.0,
            "flux_t2i_hr_cfg": 1.0,
            "flux_t2i_d_cfg": 3.5,
            "flux_t2i_hr_d_cfg": 3.5,
            "flux_i2i_width": 1024.0,
            "flux_i2i_height": 1024.0,
            "flux_i2i_cfg": 1.0,
            "flux_i2i_d_cfg": 3.5,
            "flux_GPU_MB": 2774.0,
            "sd_model_checkpoint": "flux1-dev-bnb-nf4-v2.safetensors",
            "tiling": false
        },
        "init_image_path": "inputs/image_20250305222704.png"
    },
    "output": {
        "images": [
            "outputs/2025-03-09_18-24-15/output_0.png"
        ],
        "parameters": {
            "prompt": "Convert into The Simpsons animated style, featuring bold outlines, exaggerated facial features, and yellow-toned skin. Maintain unique hairstyles, accessories, clothing while simplifying details to match the classic Simpsons aesthetic. Background elements should use the same flat, cartoonish color palette and perspective. ((Consistent with The Simpsons universe)), ((2D animation style)), ((bold black outlines)), ((flat vibrant colors)).",
            "negative_prompt": "",
            "styles": null,
            "seed": -1,
            "subseed": -1,
            "subseed_strength": 0,
            "seed_resize_from_h": -1,
            "seed_resize_from_w": -1,
            "sampler_name": "Euler",
            "scheduler": "simple",
            "batch_size": 1,
            "n_iter": 1,
            "steps": 20,
            "cfg_scale": 1.0,
            "distilled_cfg_scale": 3.5,
            "width": 512,
            "height": 512,
            "restore_faces": null,
            "tiling": false,
            "do_not_save_samples": false,
            "do_not_save_grid": false,
            "eta": null,
            "denoising_strength": 0.6,
            "s_min_uncond": null,
            "s_churn": null,
            "s_tmax": null,
            "s_tmin": null,
            "s_noise": null,
            "override_settings": {
                "forge_preset": "flux",
                "forge_additional_modules": [],
                "forge_canvas_plain": false,
                "forge_canvas_toolbar_always": false,
                "enable_prompt_comments": true,
                "sd_t2i_width": 512.0,
                "sd_t2i_height": 640.0,
                "sd_t2i_cfg": 7.0,
                "sd_t2i_hr_cfg": 7.0,
                "sd_i2i_width": 512.0,
                "sd_i2i_height": 512.0,
                "sd_i2i_cfg": 7.0,
                "xl_t2i_width": 896.0,
                "xl_t2i_height": 1152.0,
                "xl_t2i_cfg": 5.0,
                "xl_t2i_hr_cfg": 5.0,
                "xl_i2i_width": 1024.0,
                "xl_i2i_height": 1024.0,
                "xl_i2i_cfg": 5.0,
                "xl_GPU_MB": 2774.0,
                "flux_t2i_width": 512.0,
                "flux_t2i_height": 512.0,
                "flux_t2i_cfg": 1.0,
                "flux_t2i_hr_cfg": 1.0,
                "flux_t2i_d_cfg": 3.5,
                "flux_t2i_hr_d_cfg": 3.5,
                "flux_i2i_width": 1024.0,
                "flux_i2i_height": 1024.0,
                "flux_i2i_cfg": 1.0,
                "flux_i2i_d_cfg": 3.5,
                "flux_GPU_MB": 2774.0,
                "sd_model_checkpoint": "flux1-dev-bnb-nf4-v2.safetensors",
                "tiling": false
            },
            "override_settings_restore_afterwards": true,
            "refiner_checkpoint": null,
            "refiner_switch_at": null,
            "disable_extra_networks": false,
            "firstpass_image": null,
            "comments": null,
            "init_images": null,
            "resize_mode": 0,
            "image_cfg_scale": null,
            "mask": null,
            "mask_blur_x": 4,
            "mask_blur_y": 4,
            "mask_blur": null,
            "mask_round": true,
            "inpainting_fill": 0,
            "inpaint_full_res": true,
            "inpaint_full_res_padding": 0,
            "inpainting_mask_invert": 0,
            "initial_noise_multiplier": null,
            "latent_mask": null,
            "force_task_id": null,
            "hr_distilled_cfg": 3.5,
            "sampler_index": "Euler",
            "include_init_images": false,
            "script_name": null,
            "script_args": [],
            "send_images": true,
            "save_images": true,
            "alwayson_scripts": {},
            "infotext": null
        },
        "info": "{\"prompt\": \"Convert into The Simpsons animated style, featuring bold outlines, exaggerated facial features, and yellow-toned skin. Maintain unique hairstyles, accessories, clothing while simplifying details to match the classic Simpsons aesthetic. Background elements should use the same flat, cartoonish color palette and perspective. ((Consistent with The Simpsons universe)), ((2D animation style)), ((bold black outlines)), ((flat vibrant colors)).\", \"all_prompts\": [\"Convert into The Simpsons animated style, featuring bold outlines, exaggerated facial features, and yellow-toned skin. Maintain unique hairstyles, accessories, clothing while simplifying details to match the classic Simpsons aesthetic. Background elements should use the same flat, cartoonish color palette and perspective. ((Consistent with The Simpsons universe)), ((2D animation style)), ((bold black outlines)), ((flat vibrant colors)).\"], \"negative_prompt\": \"\", \"all_negative_prompts\": [\"\"], \"seed\": 3698959712, \"all_seeds\": [3698959712], \"subseed\": 196129190, \"all_subseeds\": [196129190], \"subseed_strength\": 0, \"width\": 512, \"height\": 512, \"sampler_name\": \"Euler\", \"cfg_scale\": 1.0, \"steps\": 20, \"batch_size\": 1, \"restore_faces\": false, \"face_restoration_model\": null, \"sd_model_name\": \"flux1-dev-bnb-nf4-v2\", \"sd_model_hash\": \"bea01d51bd\", \"sd_vae_name\": null, \"sd_vae_hash\": null, \"seed_resize_from_w\": -1, \"seed_resize_from_h\": -1, \"denoising_strength\": 0.6, \"extra_generation_params\": {\"Denoising strength\": 0.6, \"Schedule type\": \"Simple\"}, \"index_of_first_image\": 0, \"infotexts\": [\"Convert into The Simpsons animated style, featuring bold outlines, exaggerated facial features, and yellow-toned skin. Maintain unique hairstyles, accessories, clothing while simplifying details to match the classic Simpsons aesthetic. Background elements should use the same flat, cartoonish color palette and perspective. ((Consistent with The Simpsons universe)), ((2D animation style)), ((bold black outlines)), ((flat vibrant colors)).\\nSteps: 20, Sampler: Euler, Schedule type: Simple, CFG scale: 1.0, Distilled CFG Scale: 3.5, Seed: 3698959712, Size: 512x512, Model hash: bea01d51bd, Model: flux1-dev-bnb-nf4-v2, Denoising strength: 0.6, Version: f2.0.1v1.10.1-previous-659-gc055f2d4\"], \"styles\": [], \"job_timestamp\": \"20250309182416\", \"clip_skip\": 1, \"is_using_inpainting_conditioning\": false, \"version\": \"f2.0.1v1.10.1-previous-659-gc055f2d4\"}"
    }
}